<?xml version="1.0" encoding="UTF-8"?>
<!-- Generated by org.testng.reporters.JUnitReportReporter -->
<testsuite hostname="BIPLP26" name="testclass.RunTest" tests="1" failures="1" timestamp="19 Jul 2021 10:00:56 GMT" time="0.009" errors="0">
  <testcase name="sample" time="0.009" classname="testclass.RunTest">
    <failure type="java.lang.StackOverflowError">
      <![CDATA[java.lang.StackOverflowError
	at testclass.RunTest.url(RunTest.java:28)
	at testclass.RunTest.url(RunTest.java:28)
	at testclass.RunTest.url(RunTest.java:28)
	at testclass.RunTest.url(RunTest.java:28)
	at testclass.RunTest.url(RunTest.java:28)
	at testclass.RunTest.url(RunTest.java:28)
	at testclass.RunTest.url(RunTest.java:28)
	at testclass.RunTest.url(RunTest.java:28)
	at testclass.RunTest.url(RunTest.java:28)
	at testclass.RunTest.url(RunTest.java:28)
	at testclass.RunTest.url(RunTest.java:28)
	at testclass.RunTest.url(RunTest.java:28)
	at testclass.RunTest.url(RunTest.java:28)
	at testclass.RunTest.url(RunTest.java:28)
	at testclass.RunTest.url(RunTest.java:28)
	at testclass.RunTest.url(RunTest.java:28)
	at testclass.RunTest.url(RunTest.java:28)
	at testclass.RunTest.url(RunTest.java:28)
	at testclass.RunTest.url(RunTest.java:28)
	at testclass.RunTest.url(RunTest.java:28)
	at testclass.RunTest.url(RunTest.java:28)
	at testclass.RunTest.url(RunTest.java:28)
	at testclass.RunTest.url(RunTest.java:28)
	at testclass.RunTest.url(RunTest.java:28)
	at testclass.RunTest.url(RunTest.java:28)
	at testclass.RunTest.url(RunTest.java:28)
	at testclass.RunTest.url(RunTest.java:28)
	at testclass.RunTest.url(RunTest.java:28)
	at testclass.RunTest.url(RunTest.java:28)
	at testclass.RunTest.url(RunTest.java:28)
	at testclass.RunTest.url(RunTest.java:28)
	at testclass.RunTest.url(RunTest.java:28)
	at testclass.RunTest.url(RunTest.java:28)
	at testclass.RunTest.url(RunTest.java:28)
	at testclass.RunTest.url(RunTest.java:28)
	at testclass.RunTest.url(RunTest.java:28)
	at testclass.RunTest.url(RunTest.java:28)
	at testclass.RunTest.url(RunTest.java:28)
	at testclass.RunTest.url(RunTest.java:28)
	at testclass.RunTest.url(RunTest.java:28)
	at testclass.RunTest.url(RunTest.java:28)
	at testclass.RunTest.url(RunTest.java:28)
	at testclass.RunTest.url(RunTest.java:28)
	at testclass.RunTest.url(RunTest.java:28)
	at testclass.RunTest.url(RunTest.java:28)
	at testclass.RunTest.url(RunTest.java:28)
	at testclass.RunTest.url(RunTest.java:28)
	at testclass.RunTest.url(RunTest.java:28)
	at testclass.RunTest.url(RunTest.java:28)
	at testclass.RunTest.url(RunTest.java:28)
	at testclass.RunTest.url(RunTest.java:28)
	at testclass.RunTest.url(RunTest.java:28)
	at testclass.RunTest.url(RunTest.java:28)
	at testclass.RunTest.url(RunTest.java:28)
	at testclass.RunTest.url(RunTest.java:28)
	at testclass.RunTest.url(RunTest.java:28)
	at testclass.RunTest.url(RunTest.java:28)
	at testclass.RunTest.url(RunTest.java:28)
	at testclass.RunTest.url(RunTest.java:28)
	at testclass.RunTest.url(RunTest.java:28)
	at testclass.RunTest.url(RunTest.java:28)
	at testclass.RunTest.url(RunTest.java:28)
	at testclass.RunTest.url(RunTest.java:28)
	at testclass.RunTest.url(RunTest.java:28)
	at testclass.RunTest.url(RunTest.java:28)
	at testclass.RunTest.url(RunTest.java:28)
	at testclass.RunTest.url(RunTest.java:28)
	at testclass.RunTest.url(RunTest.java:28)
	at testclass.RunTest.url(RunTest.java:28)
	at testclass.RunTest.url(RunTest.java:28)
	at testclass.RunTest.url(RunTest.java:28)
	at testclass.RunTest.url(RunTest.java:28)
	at testclass.RunTest.url(RunTest.java:28)
	at testclass.RunTest.url(RunTest.java:28)
	at testclass.RunTest.url(RunTest.java:28)
	at testclass.RunTest.url(RunTest.java:28)
	at testclass.RunTest.url(RunTest.java:28)
	at testclass.RunTest.url(RunTest.java:28)
	at testclass.RunTest.url(RunTest.java:28)
	at testclass.RunTest.url(RunTest.java:28)
	at testclass.RunTest.url(RunTest.java:28)
	at testclass.RunTest.url(RunTest.java:28)
	at testclass.RunTest.url(RunTest.java:28)
	at testclass.RunTest.url(RunTest.java:28)
	at testclass.RunTest.url(RunTest.java:28)
	at testclass.RunTest.url(RunTest.java:28)
	at testclass.RunTest.url(RunTest.java:28)
	at testclass.RunTest.url(RunTest.java:28)
	at testclass.RunTest.url(RunTest.java:28)
	at testclass.RunTest.url(RunTest.java:28)
	at testclass.RunTest.url(RunTest.java:28)
	at testclass.RunTest.url(RunTest.java:28)
	at testclass.RunTest.url(RunTest.java:28)
	at testclass.RunTest.url(RunTest.java:28)
	at testclass.RunTest.url(RunTest.java:28)
	at testclass.RunTest.url(RunTest.java:28)
	at testclass.RunTest.url(RunTest.java:28)
	at testclass.RunTest.url(RunTest.java:28)
	at testclass.RunTest.url(RunTest.java:28)
	at testclass.RunTest.url(RunTest.java:28)
	at testclass.RunTest.url(RunTest.java:28)
	at testclass.RunTest.url(RunTest.java:28)
	at testclass.RunTest.url(RunTest.java:28)
	at testclass.RunTest.url(RunTest.java:28)
	at testclass.RunTest.url(RunTest.java:28)
	at testclass.RunTest.url(RunTest.java:28)
	at testclass.RunTest.url(RunTest.java:28)
	at testclass.RunTest.url(RunTest.java:28)
	at testclass.RunTest.url(RunTest.java:28)
	at testclass.RunTest.url(RunTest.java:28)
	at testclass.RunTest.url(RunTest.java:28)
	at testclass.RunTest.url(RunTest.java:28)
	at testclass.RunTest.url(RunTest.java:28)
	at testclass.RunTest.url(RunTest.java:28)
	at testclass.RunTest.url(RunTest.java:28)
	at testclass.RunTest.url(RunTest.java:28)
	at testclass.RunTest.url(RunTest.java:28)
	at testclass.RunTest.url(RunTest.java:28)
	at testclass.RunTest.url(RunTest.java:28)
	at testclass.RunTest.url(RunTest.java:28)
	at testclass.RunTest.url(RunTest.java:28)
	at testclass.RunTest.url(RunTest.java:28)
	at testclass.RunTest.url(RunTest.java:28)
	at testclass.RunTest.url(RunTest.java:28)
	at testclass.RunTest.url(RunTest.java:28)
	at testclass.RunTest.url(RunTest.java:28)
	at testclass.RunTest.url(RunTest.java:28)
	at testclass.RunTest.url(RunTest.java:28)
	at testclass.RunTest.url(RunTest.java:28)
	at testclass.RunTest.url(RunTest.java:28)
	at testclass.RunTest.url(RunTest.java:28)
	at testclass.RunTest.url(RunTest.java:28)
	at testclass.RunTest.url(RunTest.java:28)
	at testclass.RunTest.url(RunTest.java:28)
	at testclass.RunTest.url(RunTest.java:28)
	at testclass.RunTest.url(RunTest.java:28)
	at testclass.RunTest.url(RunTest.java:28)
	at testclass.RunTest.url(RunTest.java:28)
	at testclass.RunTest.url(RunTest.java:28)
	at testclass.RunTest.url(RunTest.java:28)
	at testclass.RunTest.url(RunTest.java:28)
	at testclass.RunTest.url(RunTest.java:28)
	at testclass.RunTest.url(RunTest.java:28)
	at testclass.RunTest.url(RunTest.java:28)
	at testclass.RunTest.url(RunTest.java:28)
	at testclass.RunTest.url(RunTest.java:28)
	at testclass.RunTest.url(RunTest.java:28)
	at testclass.RunTest.url(RunTest.java:28)
	at testclass.RunTest.url(RunTest.java:28)
	at testclass.RunTest.url(RunTest.java:28)
	at testclass.RunTest.url(RunTest.java:28)
	at testclass.RunTest.url(RunTest.java:28)
	at testclass.RunTest.url(RunTest.java:28)
	at testclass.RunTest.url(RunTest.java:28)
	at testclass.RunTest.url(RunTest.java:28)
	at testclass.RunTest.url(RunTest.java:28)
	at testclass.RunTest.url(RunTest.java:28)
	at testclass.RunTest.url(RunTest.java:28)
	at testclass.RunTest.url(RunTest.java:28)
	at testclass.RunTest.url(RunTest.java:28)
	at testclass.RunTest.url(RunTest.java:28)
	at testclass.RunTest.url(RunTest.java:28)
	at testclass.RunTest.url(RunTest.java:28)
	at testclass.RunTest.url(RunTest.java:28)
	at testclass.RunTest.url(RunTest.java:28)
	at testclass.RunTest.url(RunTest.java:28)
	at testclass.RunTest.url(RunTest.java:28)
	at testclass.RunTest.url(RunTest.java:28)
	at testclass.RunTest.url(RunTest.java:28)
	at testclass.RunTest.url(RunTest.java:28)
	at testclass.RunTest.url(RunTest.java:28)
	at testclass.RunTest.url(RunTest.java:28)
	at testclass.RunTest.url(RunTest.java:28)
	at testclass.RunTest.url(RunTest.java:28)
	at testclass.RunTest.url(RunTest.java:28)
	at testclass.RunTest.url(RunTest.java:28)
	at testclass.RunTest.url(RunTest.java:28)
	at testclass.RunTest.url(RunTest.java:28)
	at testclass.RunTest.url(RunTest.java:28)
	at testclass.RunTest.url(RunTest.java:28)
	at testclass.RunTest.url(RunTest.java:28)
	at testclass.RunTest.url(RunTest.java:28)
	at testclass.RunTest.url(RunTest.java:28)
	at testclass.RunTest.url(RunTest.java:28)
	at testclass.RunTest.url(RunTest.java:28)
	at testclass.RunTest.url(RunTest.java:28)
	at testclass.RunTest.url(RunTest.java:28)
	at testclass.RunTest.url(RunTest.java:28)
	at testclass.RunTest.url(RunTest.java:28)
	at testclass.RunTest.url(RunTest.java:28)
	at testclass.RunTest.url(RunTest.java:28)
	at testclass.RunTest.url(RunTest.java:28)
	at testclass.RunTest.url(RunTest.java:28)
	at testclass.RunTest.url(RunTest.java:28)
	at testclass.RunTest.url(RunTest.java:28)
	at testclass.RunTest.url(RunTest.java:28)
	at testclass.RunTest.url(RunTest.java:28)
	at testclass.RunTest.url(RunTest.java:28)
	at testclass.RunTest.url(RunTest.java:28)
	at testclass.RunTest.url(RunTest.java:28)
	at testclass.RunTest.url(RunTest.java:28)
	at testclass.RunTest.url(RunTest.java:28)
	at testclass.RunTest.url(RunTest.java:28)
	at testclass.RunTest.url(RunTest.java:28)
	at testclass.RunTest.url(RunTest.java:28)
	at testclass.RunTest.url(RunTest.java:28)
	at testclass.RunTest.url(RunTest.java:28)
	at testclass.RunTest.url(RunTest.java:28)
	at testclass.RunTest.url(RunTest.java:28)
	at testclass.RunTest.url(RunTest.java:28)
	at testclass.RunTest.url(RunTest.java:28)
	at testclass.RunTest.url(RunTest.java:28)
	at testclass.RunTest.url(RunTest.java:28)
	at testclass.RunTest.url(RunTest.java:28)
	at testclass.RunTest.url(RunTest.java:28)
	at testclass.RunTest.url(RunTest.java:28)
	at testclass.RunTest.url(RunTest.java:28)
	at testclass.RunTest.url(RunTest.java:28)
	at testclass.RunTest.url(RunTest.java:28)
	at testclass.RunTest.url(RunTest.java:28)
	at testclass.RunTest.url(RunTest.java:28)
	at testclass.RunTest.url(RunTest.java:28)
	at testclass.RunTest.url(RunTest.java:28)
	at testclass.RunTest.url(RunTest.java:28)
	at testclass.RunTest.url(RunTest.java:28)
	at testclass.RunTest.url(RunTest.java:28)
	at testclass.RunTest.url(RunTest.java:28)
	at testclass.RunTest.url(RunTest.java:28)
	at testclass.RunTest.url(RunTest.java:28)
	at testclass.RunTest.url(RunTest.java:28)
	at testclass.RunTest.url(RunTest.java:28)
	at testclass.RunTest.url(RunTest.java:28)
	at testclass.RunTest.url(RunTest.java:28)
	at testclass.RunTest.url(RunTest.java:28)
	at testclass.RunTest.url(RunTest.java:28)
	at testclass.RunTest.url(RunTest.java:28)
	at testclass.RunTest.url(RunTest.java:28)
	at testclass.RunTest.url(RunTest.java:28)
	at testclass.RunTest.url(RunTest.java:28)
	at testclass.RunTest.url(RunTest.java:28)
	at testclass.RunTest.url(RunTest.java:28)
	at testclass.RunTest.url(RunTest.java:28)
	at testclass.RunTest.url(RunTest.java:28)
	at testclass.RunTest.url(RunTest.java:28)
	at testclass.RunTest.url(RunTest.java:28)
	at testclass.RunTest.url(RunTest.java:28)
	at testclass.RunTest.url(RunTest.java:28)
	at testclass.RunTest.url(RunTest.java:28)
	at testclass.RunTest.url(RunTest.java:28)
	at testclass.RunTest.url(RunTest.java:28)
	at testclass.RunTest.url(RunTest.java:28)
	at testclass.RunTest.url(RunTest.java:28)
	at testclass.RunTest.url(RunTest.java:28)
	at testclass.RunTest.url(RunTest.java:28)
	at testclass.RunTest.url(RunTest.java:28)
	at testclass.RunTest.url(RunTest.java:28)
	at testclass.RunTest.url(RunTest.java:28)
	at testclass.RunTest.url(RunTest.java:28)
	at testclass.RunTest.url(RunTest.java:28)
	at testclass.RunTest.url(RunTest.java:28)
	at testclass.RunTest.url(RunTest.java:28)
	at testclass.RunTest.url(RunTest.java:28)
	at testclass.RunTest.url(RunTest.java:28)
	at testclass.RunTest.url(RunTest.java:28)
	at testclass.RunTest.url(RunTest.java:28)
	at testclass.RunTest.url(RunTest.java:28)
	at testclass.RunTest.url(RunTest.java:28)
	at testclass.RunTest.url(RunTest.java:28)
	at testclass.RunTest.url(RunTest.java:28)
	at testclass.RunTest.url(RunTest.java:28)
	at testclass.RunTest.url(RunTest.java:28)
	at testclass.RunTest.url(RunTest.java:28)
	at testclass.RunTest.url(RunTest.java:28)
	at testclass.RunTest.url(RunTest.java:28)
	at testclass.RunTest.url(RunTest.java:28)
	at testclass.RunTest.url(RunTest.java:28)
	at testclass.RunTest.url(RunTest.java:28)
	at testclass.RunTest.url(RunTest.java:28)
	at testclass.RunTest.url(RunTest.java:28)
	at testclass.RunTest.url(RunTest.java:28)
	at testclass.RunTest.url(RunTest.java:28)
	at testclass.RunTest.url(RunTest.java:28)
	at testclass.RunTest.url(RunTest.java:28)
	at testclass.RunTest.url(RunTest.java:28)
	at testclass.RunTest.url(RunTest.java:28)
	at testclass.RunTest.url(RunTest.java:28)
	at testclass.RunTest.url(RunTest.java:28)
	at testclass.RunTest.url(RunTest.java:28)
	at testclass.RunTest.url(RunTest.java:28)
	at testclass.RunTest.url(RunTest.java:28)
	at testclass.RunTest.url(RunTest.java:28)
	at testclass.RunTest.url(RunTest.java:28)
	at testclass.RunTest.url(RunTest.java:28)
	at testclass.RunTest.url(RunTest.java:28)
	at testclass.RunTest.url(RunTest.java:28)
	at testclass.RunTest.url(RunTest.java:28)
	at testclass.RunTest.url(RunTest.java:28)
	at testclass.RunTest.url(RunTest.java:28)
	at testclass.RunTest.url(RunTest.java:28)
	at testclass.RunTest.url(RunTest.java:28)
	at testclass.RunTest.url(RunTest.java:28)
	at testclass.RunTest.url(RunTest.java:28)
	at testclass.RunTest.url(RunTest.java:28)
	at testclass.RunTest.url(RunTest.java:28)
	at testclass.RunTest.url(RunTest.java:28)
	at testclass.RunTest.url(RunTest.java:28)
	at testclass.RunTest.url(RunTest.java:28)
	at testclass.RunTest.url(RunTest.java:28)
	at testclass.RunTest.url(RunTest.java:28)
	at testclass.RunTest.url(RunTest.java:28)
	at testclass.RunTest.url(RunTest.java:28)
	at testclass.RunTest.url(RunTest.java:28)
	at testclass.RunTest.url(RunTest.java:28)
	at testclass.RunTest.url(RunTest.java:28)
	at testclass.RunTest.url(RunTest.java:28)
	at testclass.RunTest.url(RunTest.java:28)
	at testclass.RunTest.url(RunTest.java:28)
	at testclass.RunTest.url(RunTest.java:28)
	at testclass.RunTest.url(RunTest.java:28)
	at testclass.RunTest.url(RunTest.java:28)
	at testclass.RunTest.url(RunTest.java:28)
	at testclass.RunTest.url(RunTest.java:28)
	at testclass.RunTest.url(RunTest.java:28)
	at testclass.RunTest.url(RunTest.java:28)
	at testclass.RunTest.url(RunTest.java:28)
	at testclass.RunTest.url(RunTest.java:28)
	at testclass.RunTest.url(RunTest.java:28)
	at testclass.RunTest.url(RunTest.java:28)
	at testclass.RunTest.url(RunTest.java:28)
	at testclass.RunTest.url(RunTest.java:28)
	at testclass.RunTest.url(RunTest.java:28)
	at testclass.RunTest.url(RunTest.java:28)
	at testclass.RunTest.url(RunTest.java:28)
	at testclass.RunTest.url(RunTest.java:28)
	at testclass.RunTest.url(RunTest.java:28)
	at testclass.RunTest.url(RunTest.java:28)
	at testclass.RunTest.url(RunTest.java:28)
	at testclass.RunTest.url(RunTest.java:28)
	at testclass.RunTest.url(RunTest.java:28)
	at testclass.RunTest.url(RunTest.java:28)
	at testclass.RunTest.url(RunTest.java:28)
	at testclass.RunTest.url(RunTest.java:28)
	at testclass.RunTest.url(RunTest.java:28)
	at testclass.RunTest.url(RunTest.java:28)
	at testclass.RunTest.url(RunTest.java:28)
	at testclass.RunTest.url(RunTest.java:28)
	at testclass.RunTest.url(RunTest.java:28)
	at testclass.RunTest.url(RunTest.java:28)
	at testclass.RunTest.url(RunTest.java:28)
	at testclass.RunTest.url(RunTest.java:28)
	at testclass.RunTest.url(RunTest.java:28)
	at testclass.RunTest.url(RunTest.java:28)
	at testclass.RunTest.url(RunTest.java:28)
	at testclass.RunTest.url(RunTest.java:28)
	at testclass.RunTest.url(RunTest.java:28)
	at testclass.RunTest.url(RunTest.java:28)
	at testclass.RunTest.url(RunTest.java:28)
	at testclass.RunTest.url(RunTest.java:28)
	at testclass.RunTest.url(RunTest.java:28)
	at testclass.RunTest.url(RunTest.java:28)
	at testclass.RunTest.url(RunTest.java:28)
	at testclass.RunTest.url(RunTest.java:28)
	at testclass.RunTest.url(RunTest.java:28)
	at testclass.RunTest.url(RunTest.java:28)
	at testclass.RunTest.url(RunTest.java:28)
	at testclass.RunTest.url(RunTest.java:28)
	at testclass.RunTest.url(RunTest.java:28)
	at testclass.RunTest.url(RunTest.java:28)
	at testclass.RunTest.url(RunTest.java:28)
	at testclass.RunTest.url(RunTest.java:28)
	at testclass.RunTest.url(RunTest.java:28)
	at testclass.RunTest.url(RunTest.java:28)
	at testclass.RunTest.url(RunTest.java:28)
	at testclass.RunTest.url(RunTest.java:28)
	at testclass.RunTest.url(RunTest.java:28)
	at testclass.RunTest.url(RunTest.java:28)
	at testclass.RunTest.url(RunTest.java:28)
	at testclass.RunTest.url(RunTest.java:28)
	at testclass.RunTest.url(RunTest.java:28)
	at testclass.RunTest.url(RunTest.java:28)
	at testclass.RunTest.url(RunTest.java:28)
	at testclass.RunTest.url(RunTest.java:28)
	at testclass.RunTest.url(RunTest.java:28)
	at testclass.RunTest.url(RunTest.java:28)
	at testclass.RunTest.url(RunTest.java:28)
	at testclass.RunTest.url(RunTest.java:28)
	at testclass.RunTest.url(RunTest.java:28)
	at testclass.RunTest.url(RunTest.java:28)
	at testclass.RunTest.url(RunTest.java:28)
	at testclass.RunTest.url(RunTest.java:28)
	at testclass.RunTest.url(RunTest.java:28)
	at testclass.RunTest.url(RunTest.java:28)
	at testclass.RunTest.url(RunTest.java:28)
	at testclass.RunTest.url(RunTest.java:28)
	at testclass.RunTest.url(RunTest.java:28)
	at testclass.RunTest.url(RunTest.java:28)
	at testclass.RunTest.url(RunTest.java:28)
	at testclass.RunTest.url(RunTest.java:28)
	at testclass.RunTest.url(RunTest.java:28)
	at testclass.RunTest.url(RunTest.java:28)
	at testclass.RunTest.url(RunTest.java:28)
	at testclass.RunTest.url(RunTest.java:28)
	at testclass.RunTest.url(RunTest.java:28)
	at testclass.RunTest.url(RunTest.java:28)
	at testclass.RunTest.url(RunTest.java:28)
	at testclass.RunTest.url(RunTest.java:28)
	at testclass.RunTest.url(RunTest.java:28)
	at testclass.RunTest.url(RunTest.java:28)
	at testclass.RunTest.url(RunTest.java:28)
	at testclass.RunTest.url(RunTest.java:28)
	at testclass.RunTest.url(RunTest.java:28)
	at testclass.RunTest.url(RunTest.java:28)
	at testclass.RunTest.url(RunTest.java:28)
	at testclass.RunTest.url(RunTest.java:28)
	at testclass.RunTest.url(RunTest.java:28)
	at testclass.RunTest.url(RunTest.java:28)
	at testclass.RunTest.url(RunTest.java:28)
	at testclass.RunTest.url(RunTest.java:28)
	at testclass.RunTest.url(RunTest.java:28)
	at testclass.RunTest.url(RunTest.java:28)
	at testclass.RunTest.url(RunTest.java:28)
	at testclass.RunTest.url(RunTest.java:28)
	at testclass.RunTest.url(RunTest.java:28)
	at testclass.RunTest.url(RunTest.java:28)
	at testclass.RunTest.url(RunTest.java:28)
	at testclass.RunTest.url(RunTest.java:28)
	at testclass.RunTest.url(RunTest.java:28)
	at testclass.RunTest.url(RunTest.java:28)
	at testclass.RunTest.url(RunTest.java:28)
	at testclass.RunTest.url(RunTest.java:28)
	at testclass.RunTest.url(RunTest.java:28)
	at testclass.RunTest.url(RunTest.java:28)
	at testclass.RunTest.url(RunTest.java:28)
	at testclass.RunTest.url(RunTest.java:28)
	at testclass.RunTest.url(RunTest.java:28)
	at testclass.RunTest.url(RunTest.java:28)
	at testclass.RunTest.url(RunTest.java:28)
	at testclass.RunTest.url(RunTest.java:28)
	at testclass.RunTest.url(RunTest.java:28)
	at testclass.RunTest.url(RunTest.java:28)
	at testclass.RunTest.url(RunTest.java:28)
	at testclass.RunTest.url(RunTest.java:28)
	at testclass.RunTest.url(RunTest.java:28)
	at testclass.RunTest.url(RunTest.java:28)
	at testclass.RunTest.url(RunTest.java:28)
	at testclass.RunTest.url(RunTest.java:28)
	at testclass.RunTest.url(RunTest.java:28)
	at testclass.RunTest.url(RunTest.java:28)
	at testclass.RunTest.url(RunTest.java:28)
	at testclass.RunTest.url(RunTest.java:28)
	at testclass.RunTest.url(RunTest.java:28)
	at testclass.RunTest.url(RunTest.java:28)
	at testclass.RunTest.url(RunTest.java:28)
	at testclass.RunTest.url(RunTest.java:28)
	at testclass.RunTest.url(RunTest.java:28)
	at testclass.RunTest.url(RunTest.java:28)
	at testclass.RunTest.url(RunTest.java:28)
	at testclass.RunTest.url(RunTest.java:28)
	at testclass.RunTest.url(RunTest.java:28)
	at testclass.RunTest.url(RunTest.java:28)
	at testclass.RunTest.url(RunTest.java:28)
	at testclass.RunTest.url(RunTest.java:28)
	at testclass.RunTest.url(RunTest.java:28)
	at testclass.RunTest.url(RunTest.java:28)
	at testclass.RunTest.url(RunTest.java:28)
	at testclass.RunTest.url(RunTest.java:28)
	at testclass.RunTest.url(RunTest.java:28)
	at testclass.RunTest.url(RunTest.java:28)
	at testclass.RunTest.url(RunTest.java:28)
	at testclass.RunTest.url(RunTest.java:28)
	at testclass.RunTest.url(RunTest.java:28)
	at testclass.RunTest.url(RunTest.java:28)
	at testclass.RunTest.url(RunTest.java:28)
	at testclass.RunTest.url(RunTest.java:28)
	at testclass.RunTest.url(RunTest.java:28)
	at testclass.RunTest.url(RunTest.java:28)
	at testclass.RunTest.url(RunTest.java:28)
	at testclass.RunTest.url(RunTest.java:28)
	at testclass.RunTest.url(RunTest.java:28)
	at testclass.RunTest.url(RunTest.java:28)
	at testclass.RunTest.url(RunTest.java:28)
	at testclass.RunTest.url(RunTest.java:28)
	at testclass.RunTest.url(RunTest.java:28)
	at testclass.RunTest.url(RunTest.java:28)
	at testclass.RunTest.url(RunTest.java:28)
	at testclass.RunTest.url(RunTest.java:28)
	at testclass.RunTest.url(RunTest.java:28)
	at testclass.RunTest.url(RunTest.java:28)
	at testclass.RunTest.url(RunTest.java:28)
	at testclass.RunTest.url(RunTest.java:28)
	at testclass.RunTest.url(RunTest.java:28)
	at testclass.RunTest.url(RunTest.java:28)
	at testclass.RunTest.url(RunTest.java:28)
	at testclass.RunTest.url(RunTest.java:28)
	at testclass.RunTest.url(RunTest.java:28)
	at testclass.RunTest.url(RunTest.java:28)
	at testclass.RunTest.url(RunTest.java:28)
	at testclass.RunTest.url(RunTest.java:28)
	at testclass.RunTest.url(RunTest.java:28)
	at testclass.RunTest.url(RunTest.java:28)
	at testclass.RunTest.url(RunTest.java:28)
	at testclass.RunTest.url(RunTest.java:28)
	at testclass.RunTest.url(RunTest.java:28)
	at testclass.RunTest.url(RunTest.java:28)
	at testclass.RunTest.url(RunTest.java:28)
	at testclass.RunTest.url(RunTest.java:28)
	at testclass.RunTest.url(RunTest.java:28)
	at testclass.RunTest.url(RunTest.java:28)
	at testclass.RunTest.url(RunTest.java:28)
	at testclass.RunTest.url(RunTest.java:28)
	at testclass.RunTest.url(RunTest.java:28)
	at testclass.RunTest.url(RunTest.java:28)
	at testclass.RunTest.url(RunTest.java:28)
	at testclass.RunTest.url(RunTest.java:28)
	at testclass.RunTest.url(RunTest.java:28)
	at testclass.RunTest.url(RunTest.java:28)
	at testclass.RunTest.url(RunTest.java:28)
	at testclass.RunTest.url(RunTest.java:28)
	at testclass.RunTest.url(RunTest.java:28)
	at testclass.RunTest.url(RunTest.java:28)
	at testclass.RunTest.url(RunTest.java:28)
	at testclass.RunTest.url(RunTest.java:28)
	at testclass.RunTest.url(RunTest.java:28)
	at testclass.RunTest.url(RunTest.java:28)
	at testclass.RunTest.url(RunTest.java:28)
	at testclass.RunTest.url(RunTest.java:28)
	at testclass.RunTest.url(RunTest.java:28)
	at testclass.RunTest.url(RunTest.java:28)
	at testclass.RunTest.url(RunTest.java:28)
	at testclass.RunTest.url(RunTest.java:28)
	at testclass.RunTest.url(RunTest.java:28)
	at testclass.RunTest.url(RunTest.java:28)
	at testclass.RunTest.url(RunTest.java:28)
	at testclass.RunTest.url(RunTest.java:28)
	at testclass.RunTest.url(RunTest.java:28)
	at testclass.RunTest.url(RunTest.java:28)
	at testclass.RunTest.url(RunTest.java:28)
	at testclass.RunTest.url(RunTest.java:28)
	at testclass.RunTest.url(RunTest.java:28)
	at testclass.RunTest.url(RunTest.java:28)
	at testclass.RunTest.url(RunTest.java:28)
	at testclass.RunTest.url(RunTest.java:28)
	at testclass.RunTest.url(RunTest.java:28)
	at testclass.RunTest.url(RunTest.java:28)
	at testclass.RunTest.url(RunTest.java:28)
	at testclass.RunTest.url(RunTest.java:28)
	at testclass.RunTest.url(RunTest.java:28)
	at testclass.RunTest.url(RunTest.java:28)
	at testclass.RunTest.url(RunTest.java:28)
	at testclass.RunTest.url(RunTest.java:28)
	at testclass.RunTest.url(RunTest.java:28)
	at testclass.RunTest.url(RunTest.java:28)
	at testclass.RunTest.url(RunTest.java:28)
	at testclass.RunTest.url(RunTest.java:28)
	at testclass.RunTest.url(RunTest.java:28)
	at testclass.RunTest.url(RunTest.java:28)
	at testclass.RunTest.url(RunTest.java:28)
	at testclass.RunTest.url(RunTest.java:28)
	at testclass.RunTest.url(RunTest.java:28)
	at testclass.RunTest.url(RunTest.java:28)
	at testclass.RunTest.url(RunTest.java:28)
	at testclass.RunTest.url(RunTest.java:28)
	at testclass.RunTest.url(RunTest.java:28)
	at testclass.RunTest.url(RunTest.java:28)
	at testclass.RunTest.url(RunTest.java:28)
	at testclass.RunTest.url(RunTest.java:28)
	at testclass.RunTest.url(RunTest.java:28)
	at testclass.RunTest.url(RunTest.java:28)
	at testclass.RunTest.url(RunTest.java:28)
	at testclass.RunTest.url(RunTest.java:28)
	at testclass.RunTest.url(RunTest.java:28)
	at testclass.RunTest.url(RunTest.java:28)
	at testclass.RunTest.url(RunTest.java:28)
	at testclass.RunTest.url(RunTest.java:28)
	at testclass.RunTest.url(RunTest.java:28)
	at testclass.RunTest.url(RunTest.java:28)
	at testclass.RunTest.url(RunTest.java:28)
	at testclass.RunTest.url(RunTest.java:28)
	at testclass.RunTest.url(RunTest.java:28)
	at testclass.RunTest.url(RunTest.java:28)
	at testclass.RunTest.url(RunTest.java:28)
	at testclass.RunTest.url(RunTest.java:28)
	at testclass.RunTest.url(RunTest.java:28)
	at testclass.RunTest.url(RunTest.java:28)
	at testclass.RunTest.url(RunTest.java:28)
	at testclass.RunTest.url(RunTest.java:28)
	at testclass.RunTest.url(RunTest.java:28)
	at testclass.RunTest.url(RunTest.java:28)
	at testclass.RunTest.url(RunTest.java:28)
	at testclass.RunTest.url(RunTest.java:28)
	at testclass.RunTest.url(RunTest.java:28)
	at testclass.RunTest.url(RunTest.java:28)
	at testclass.RunTest.url(RunTest.java:28)
	at testclass.RunTest.url(RunTest.java:28)
	at testclass.RunTest.url(RunTest.java:28)
	at testclass.RunTest.url(RunTest.java:28)
	at testclass.RunTest.url(RunTest.java:28)
	at testclass.RunTest.url(RunTest.java:28)
	at testclass.RunTest.url(RunTest.java:28)
	at testclass.RunTest.url(RunTest.java:28)
	at testclass.RunTest.url(RunTest.java:28)
	at testclass.RunTest.url(RunTest.java:28)
	at testclass.RunTest.url(RunTest.java:28)
	at testclass.RunTest.url(RunTest.java:28)
	at testclass.RunTest.url(RunTest.java:28)
	at testclass.RunTest.url(RunTest.java:28)
	at testclass.RunTest.url(RunTest.java:28)
	at testclass.RunTest.url(RunTest.java:28)
	at testclass.RunTest.url(RunTest.java:28)
	at testclass.RunTest.url(RunTest.java:28)
	at testclass.RunTest.url(RunTest.java:28)
	at testclass.RunTest.url(RunTest.java:28)
	at testclass.RunTest.url(RunTest.java:28)
	at testclass.RunTest.url(RunTest.java:28)
	at testclass.RunTest.url(RunTest.java:28)
	at testclass.RunTest.url(RunTest.java:28)
	at testclass.RunTest.url(RunTest.java:28)
	at testclass.RunTest.url(RunTest.java:28)
	at testclass.RunTest.url(RunTest.java:28)
	at testclass.RunTest.url(RunTest.java:28)
	at testclass.RunTest.url(RunTest.java:28)
	at testclass.RunTest.url(RunTest.java:28)
	at testclass.RunTest.url(RunTest.java:28)
	at testclass.RunTest.url(RunTest.java:28)
	at testclass.RunTest.url(RunTest.java:28)
	at testclass.RunTest.url(RunTest.java:28)
	at testclass.RunTest.url(RunTest.java:28)
	at testclass.RunTest.url(RunTest.java:28)
	at testclass.RunTest.url(RunTest.java:28)
	at testclass.RunTest.url(RunTest.java:28)
	at testclass.RunTest.url(RunTest.java:28)
	at testclass.RunTest.url(RunTest.java:28)
	at testclass.RunTest.url(RunTest.java:28)
	at testclass.RunTest.url(RunTest.java:28)
	at testclass.RunTest.url(RunTest.java:28)
	at testclass.RunTest.url(RunTest.java:28)
	at testclass.RunTest.url(RunTest.java:28)
	at testclass.RunTest.url(RunTest.java:28)
	at testclass.RunTest.url(RunTest.java:28)
	at testclass.RunTest.url(RunTest.java:28)
	at testclass.RunTest.url(RunTest.java:28)
	at testclass.RunTest.url(RunTest.java:28)
	at testclass.RunTest.url(RunTest.java:28)
	at testclass.RunTest.url(RunTest.java:28)
	at testclass.RunTest.url(RunTest.java:28)
	at testclass.RunTest.url(RunTest.java:28)
	at testclass.RunTest.url(RunTest.java:28)
	at testclass.RunTest.url(RunTest.java:28)
	at testclass.RunTest.url(RunTest.java:28)
	at testclass.RunTest.url(RunTest.java:28)
	at testclass.RunTest.url(RunTest.java:28)
	at testclass.RunTest.url(RunTest.java:28)
	at testclass.RunTest.url(RunTest.java:28)
	at testclass.RunTest.url(RunTest.java:28)
	at testclass.RunTest.url(RunTest.java:28)
	at testclass.RunTest.url(RunTest.java:28)
	at testclass.RunTest.url(RunTest.java:28)
	at testclass.RunTest.url(RunTest.java:28)
	at testclass.RunTest.url(RunTest.java:28)
	at testclass.RunTest.url(RunTest.java:28)
	at testclass.RunTest.url(RunTest.java:28)
	at testclass.RunTest.url(RunTest.java:28)
	at testclass.RunTest.url(RunTest.java:28)
	at testclass.RunTest.url(RunTest.java:28)
	at testclass.RunTest.url(RunTest.java:28)
	at testclass.RunTest.url(RunTest.java:28)
	at testclass.RunTest.url(RunTest.java:28)
	at testclass.RunTest.url(RunTest.java:28)
	at testclass.RunTest.url(RunTest.java:28)
	at testclass.RunTest.url(RunTest.java:28)
	at testclass.RunTest.url(RunTest.java:28)
	at testclass.RunTest.url(RunTest.java:28)
	at testclass.RunTest.url(RunTest.java:28)
	at testclass.RunTest.url(RunTest.java:28)
	at testclass.RunTest.url(RunTest.java:28)
	at testclass.RunTest.url(RunTest.java:28)
	at testclass.RunTest.url(RunTest.java:28)
	at testclass.RunTest.url(RunTest.java:28)
	at testclass.RunTest.url(RunTest.java:28)
	at testclass.RunTest.url(RunTest.java:28)
	at testclass.RunTest.url(RunTest.java:28)
	at testclass.RunTest.url(RunTest.java:28)
	at testclass.RunTest.url(RunTest.java:28)
	at testclass.RunTest.url(RunTest.java:28)
	at testclass.RunTest.url(RunTest.java:28)
	at testclass.RunTest.url(RunTest.java:28)
	at testclass.RunTest.url(RunTest.java:28)
	at testclass.RunTest.url(RunTest.java:28)
	at testclass.RunTest.url(RunTest.java:28)
	at testclass.RunTest.url(RunTest.java:28)
	at testclass.RunTest.url(RunTest.java:28)
	at testclass.RunTest.url(RunTest.java:28)
	at testclass.RunTest.url(RunTest.java:28)
	at testclass.RunTest.url(RunTest.java:28)
	at testclass.RunTest.url(RunTest.java:28)
	at testclass.RunTest.url(RunTest.java:28)
	at testclass.RunTest.url(RunTest.java:28)
	at testclass.RunTest.url(RunTest.java:28)
	at testclass.RunTest.url(RunTest.java:28)
	at testclass.RunTest.url(RunTest.java:28)
	at testclass.RunTest.url(RunTest.java:28)
	at testclass.RunTest.url(RunTest.java:28)
	at testclass.RunTest.url(RunTest.java:28)
	at testclass.RunTest.url(RunTest.java:28)
	at testclass.RunTest.url(RunTest.java:28)
	at testclass.RunTest.url(RunTest.java:28)
	at testclass.RunTest.url(RunTest.java:28)
	at testclass.RunTest.url(RunTest.java:28)
	at testclass.RunTest.url(RunTest.java:28)
	at testclass.RunTest.url(RunTest.java:28)
	at testclass.RunTest.url(RunTest.java:28)
	at testclass.RunTest.url(RunTest.java:28)
	at testclass.RunTest.url(RunTest.java:28)
	at testclass.RunTest.url(RunTest.java:28)
	at testclass.RunTest.url(RunTest.java:28)
	at testclass.RunTest.url(RunTest.java:28)
	at testclass.RunTest.url(RunTest.java:28)
	at testclass.RunTest.url(RunTest.java:28)
	at testclass.RunTest.url(RunTest.java:28)
	at testclass.RunTest.url(RunTest.java:28)
	at testclass.RunTest.url(RunTest.java:28)
	at testclass.RunTest.url(RunTest.java:28)
	at testclass.RunTest.url(RunTest.java:28)
	at testclass.RunTest.url(RunTest.java:28)
	at testclass.RunTest.url(RunTest.java:28)
	at testclass.RunTest.url(RunTest.java:28)
	at testclass.RunTest.url(RunTest.java:28)
	at testclass.RunTest.url(RunTest.java:28)
	at testclass.RunTest.url(RunTest.java:28)
	at testclass.RunTest.url(RunTest.java:28)
	at testclass.RunTest.url(RunTest.java:28)
	at testclass.RunTest.url(RunTest.java:28)
	at testclass.RunTest.url(RunTest.java:28)
	at testclass.RunTest.url(RunTest.java:28)
	at testclass.RunTest.url(RunTest.java:28)
	at testclass.RunTest.url(RunTest.java:28)
	at testclass.RunTest.url(RunTest.java:28)
	at testclass.RunTest.url(RunTest.java:28)
	at testclass.RunTest.url(RunTest.java:28)
	at testclass.RunTest.url(RunTest.java:28)
	at testclass.RunTest.url(RunTest.java:28)
	at testclass.RunTest.url(RunTest.java:28)
	at testclass.RunTest.url(RunTest.java:28)
	at testclass.RunTest.url(RunTest.java:28)
	at testclass.RunTest.url(RunTest.java:28)
	at testclass.RunTest.url(RunTest.java:28)
	at testclass.RunTest.url(RunTest.java:28)
	at testclass.RunTest.url(RunTest.java:28)
	at testclass.RunTest.url(RunTest.java:28)
	at testclass.RunTest.url(RunTest.java:28)
	at testclass.RunTest.url(RunTest.java:28)
	at testclass.RunTest.url(RunTest.java:28)
	at testclass.RunTest.url(RunTest.java:28)
	at testclass.RunTest.url(RunTest.java:28)
	at testclass.RunTest.url(RunTest.java:28)
	at testclass.RunTest.url(RunTest.java:28)
	at testclass.RunTest.url(RunTest.java:28)
	at testclass.RunTest.url(RunTest.java:28)
	at testclass.RunTest.url(RunTest.java:28)
	at testclass.RunTest.url(RunTest.java:28)
	at testclass.RunTest.url(RunTest.java:28)
	at testclass.RunTest.url(RunTest.java:28)
	at testclass.RunTest.url(RunTest.java:28)
	at testclass.RunTest.url(RunTest.java:28)
	at testclass.RunTest.url(RunTest.java:28)
	at testclass.RunTest.url(RunTest.java:28)
	at testclass.RunTest.url(RunTest.java:28)
	at testclass.RunTest.url(RunTest.java:28)
	at testclass.RunTest.url(RunTest.java:28)
	at testclass.RunTest.url(RunTest.java:28)
	at testclass.RunTest.url(RunTest.java:28)
	at testclass.RunTest.url(RunTest.java:28)
	at testclass.RunTest.url(RunTest.java:28)
	at testclass.RunTest.url(RunTest.java:28)
	at testclass.RunTest.url(RunTest.java:28)
	at testclass.RunTest.url(RunTest.java:28)
	at testclass.RunTest.url(RunTest.java:28)
	at testclass.RunTest.url(RunTest.java:28)
	at testclass.RunTest.url(RunTest.java:28)
	at testclass.RunTest.url(RunTest.java:28)
	at testclass.RunTest.url(RunTest.java:28)
	at testclass.RunTest.url(RunTest.java:28)
	at testclass.RunTest.url(RunTest.java:28)
	at testclass.RunTest.url(RunTest.java:28)
	at testclass.RunTest.url(RunTest.java:28)
	at testclass.RunTest.url(RunTest.java:28)
	at testclass.RunTest.url(RunTest.java:28)
	at testclass.RunTest.url(RunTest.java:28)
	at testclass.RunTest.url(RunTest.java:28)
	at testclass.RunTest.url(RunTest.java:28)
	at testclass.RunTest.url(RunTest.java:28)
	at testclass.RunTest.url(RunTest.java:28)
	at testclass.RunTest.url(RunTest.java:28)
	at testclass.RunTest.url(RunTest.java:28)
	at testclass.RunTest.url(RunTest.java:28)
	at testclass.RunTest.url(RunTest.java:28)
	at testclass.RunTest.url(RunTest.java:28)
	at testclass.RunTest.url(RunTest.java:28)
	at testclass.RunTest.url(RunTest.java:28)
	at testclass.RunTest.url(RunTest.java:28)
	at testclass.RunTest.url(RunTest.java:28)
	at testclass.RunTest.url(RunTest.java:28)
	at testclass.RunTest.url(RunTest.java:28)
	at testclass.RunTest.url(RunTest.java:28)
	at testclass.RunTest.url(RunTest.java:28)
	at testclass.RunTest.url(RunTest.java:28)
	at testclass.RunTest.url(RunTest.java:28)
	at testclass.RunTest.url(RunTest.java:28)
	at testclass.RunTest.url(RunTest.java:28)
	at testclass.RunTest.url(RunTest.java:28)
	at testclass.RunTest.url(RunTest.java:28)
	at testclass.RunTest.url(RunTest.java:28)
	at testclass.RunTest.url(RunTest.java:28)
	at testclass.RunTest.url(RunTest.java:28)
	at testclass.RunTest.url(RunTest.java:28)
	at testclass.RunTest.url(RunTest.java:28)
	at testclass.RunTest.url(RunTest.java:28)
	at testclass.RunTest.url(RunTest.java:28)
	at testclass.RunTest.url(RunTest.java:28)
	at testclass.RunTest.url(RunTest.java:28)
	at testclass.RunTest.url(RunTest.java:28)
	at testclass.RunTest.url(RunTest.java:28)
	at testclass.RunTest.url(RunTest.java:28)
	at testclass.RunTest.url(RunTest.java:28)
	at testclass.RunTest.url(RunTest.java:28)
	at testclass.RunTest.url(RunTest.java:28)
	at testclass.RunTest.url(RunTest.java:28)
	at testclass.RunTest.url(RunTest.java:28)
	at testclass.RunTest.url(RunTest.java:28)
	at testclass.RunTest.url(RunTest.java:28)
	at testclass.RunTest.url(RunTest.java:28)
	at testclass.RunTest.url(RunTest.java:28)
	at testclass.RunTest.url(RunTest.java:28)
	at testclass.RunTest.url(RunTest.java:28)
	at testclass.RunTest.url(RunTest.java:28)
	at testclass.RunTest.url(RunTest.java:28)
	at testclass.RunTest.url(RunTest.java:28)
	at testclass.RunTest.url(RunTest.java:28)
	at testclass.RunTest.url(RunTest.java:28)
	at testclass.RunTest.url(RunTest.java:28)
	at testclass.RunTest.url(RunTest.java:28)
	at testclass.RunTest.url(RunTest.java:28)
	at testclass.RunTest.url(RunTest.java:28)
	at testclass.RunTest.url(RunTest.java:28)
	at testclass.RunTest.url(RunTest.java:28)
	at testclass.RunTest.url(RunTest.java:28)
	at testclass.RunTest.url(RunTest.java:28)
	at testclass.RunTest.url(RunTest.java:28)
	at testclass.RunTest.url(RunTest.java:28)
	at testclass.RunTest.url(RunTest.java:28)
	at testclass.RunTest.url(RunTest.java:28)
	at testclass.RunTest.url(RunTest.java:28)
	at testclass.RunTest.url(RunTest.java:28)
	at testclass.RunTest.url(RunTest.java:28)
	at testclass.RunTest.url(RunTest.java:28)
	at testclass.RunTest.url(RunTest.java:28)
	at testclass.RunTest.url(RunTest.java:28)
	at testclass.RunTest.url(RunTest.java:28)
	at testclass.RunTest.url(RunTest.java:28)
	at testclass.RunTest.url(RunTest.java:28)
	at testclass.RunTest.url(RunTest.java:28)
	at testclass.RunTest.url(RunTest.java:28)
	at testclass.RunTest.url(RunTest.java:28)
	at testclass.RunTest.url(RunTest.java:28)
	at testclass.RunTest.url(RunTest.java:28)
	at testclass.RunTest.url(RunTest.java:28)
	at testclass.RunTest.url(RunTest.java:28)
	at testclass.RunTest.url(RunTest.java:28)
	at testclass.RunTest.url(RunTest.java:28)
	at testclass.RunTest.url(RunTest.java:28)
	at testclass.RunTest.url(RunTest.java:28)
	at testclass.RunTest.url(RunTest.java:28)
	at testclass.RunTest.url(RunTest.java:28)
	at testclass.RunTest.url(RunTest.java:28)
	at testclass.RunTest.url(RunTest.java:28)
	at testclass.RunTest.url(RunTest.java:28)
	at testclass.RunTest.url(RunTest.java:28)
	at testclass.RunTest.url(RunTest.java:28)
	at testclass.RunTest.url(RunTest.java:28)
	at testclass.RunTest.url(RunTest.java:28)
	at testclass.RunTest.url(RunTest.java:28)
	at testclass.RunTest.url(RunTest.java:28)
	at testclass.RunTest.url(RunTest.java:28)
	at testclass.RunTest.url(RunTest.java:28)
	at testclass.RunTest.url(RunTest.java:28)
	at testclass.RunTest.url(RunTest.java:28)
	at testclass.RunTest.url(RunTest.java:28)
	at testclass.RunTest.url(RunTest.java:28)
	at testclass.RunTest.url(RunTest.java:28)
	at testclass.RunTest.url(RunTest.java:28)
	at testclass.RunTest.url(RunTest.java:28)
	at testclass.RunTest.url(RunTest.java:28)
	at testclass.RunTest.url(RunTest.java:28)
	at testclass.RunTest.url(RunTest.java:28)
	at testclass.RunTest.url(RunTest.java:28)
	at testclass.RunTest.url(RunTest.java:28)
	at testclass.RunTest.url(RunTest.java:28)
	at testclass.RunTest.url(RunTest.java:28)
	at testclass.RunTest.url(RunTest.java:28)
	at testclass.RunTest.url(RunTest.java:28)
	at testclass.RunTest.url(RunTest.java:28)
	at testclass.RunTest.url(RunTest.java:28)
	at testclass.RunTest.url(RunTest.java:28)
	at testclass.RunTest.url(RunTest.java:28)
	at testclass.RunTest.url(RunTest.java:28)
	at testclass.RunTest.url(RunTest.java:28)
	at testclass.RunTest.url(RunTest.java:28)
	at testclass.RunTest.url(RunTest.java:28)
	at testclass.RunTest.url(RunTest.java:28)
	at testclass.RunTest.url(RunTest.java:28)
	at testclass.RunTest.url(RunTest.java:28)
	at testclass.RunTest.url(RunTest.java:28)
	at testclass.RunTest.url(RunTest.java:28)
	at testclass.RunTest.url(RunTest.java:28)
	at testclass.RunTest.url(RunTest.java:28)
	at testclass.RunTest.url(RunTest.java:28)
	at testclass.RunTest.url(RunTest.java:28)
	at testclass.RunTest.url(RunTest.java:28)
	at testclass.RunTest.url(RunTest.java:28)
	at testclass.RunTest.url(RunTest.java:28)
	at testclass.RunTest.url(RunTest.java:28)
	at testclass.RunTest.url(RunTest.java:28)
	at testclass.RunTest.url(RunTest.java:28)
	at testclass.RunTest.url(RunTest.java:28)
	at testclass.RunTest.url(RunTest.java:28)
	at testclass.RunTest.url(RunTest.java:28)
	at testclass.RunTest.url(RunTest.java:28)
	at testclass.RunTest.url(RunTest.java:28)
	at testclass.RunTest.url(RunTest.java:28)
	at testclass.RunTest.url(RunTest.java:28)
	at testclass.RunTest.url(RunTest.java:28)
	at testclass.RunTest.url(RunTest.java:28)
	at testclass.RunTest.url(RunTest.java:28)
	at testclass.RunTest.url(RunTest.java:28)
	at testclass.RunTest.url(RunTest.java:28)
	at testclass.RunTest.url(RunTest.java:28)
	at testclass.RunTest.url(RunTest.java:28)
	at testclass.RunTest.url(RunTest.java:28)
	at testclass.RunTest.url(RunTest.java:28)
	at testclass.RunTest.url(RunTest.java:28)
	at testclass.RunTest.url(RunTest.java:28)
	at testclass.RunTest.url(RunTest.java:28)
	at testclass.RunTest.url(RunTest.java:28)
	at testclass.RunTest.url(RunTest.java:28)
	at testclass.RunTest.url(RunTest.java:28)
	at testclass.RunTest.url(RunTest.java:28)
	at testclass.RunTest.url(RunTest.java:28)
	at testclass.RunTest.url(RunTest.java:28)
	at testclass.RunTest.url(RunTest.java:28)
	at testclass.RunTest.url(RunTest.java:28)
	at testclass.RunTest.url(RunTest.java:28)
	at testclass.RunTest.url(RunTest.java:28)
	at testclass.RunTest.url(RunTest.java:28)
	at testclass.RunTest.url(RunTest.java:28)
	at testclass.RunTest.url(RunTest.java:28)
	at testclass.RunTest.url(RunTest.java:28)
	at testclass.RunTest.url(RunTest.java:28)
	at testclass.RunTest.url(RunTest.java:28)
	at testclass.RunTest.url(RunTest.java:28)
	at testclass.RunTest.url(RunTest.java:28)
	at testclass.RunTest.url(RunTest.java:28)
	at testclass.RunTest.url(RunTest.java:28)
	at testclass.RunTest.url(RunTest.java:28)
	at testclass.RunTest.url(RunTest.java:28)
	at testclass.RunTest.url(RunTest.java:28)
	at testclass.RunTest.url(RunTest.java:28)
	at testclass.RunTest.url(RunTest.java:28)
	at testclass.RunTest.url(RunTest.java:28)
	at testclass.RunTest.url(RunTest.java:28)
	at testclass.RunTest.url(RunTest.java:28)
	at testclass.RunTest.url(RunTest.java:28)
	at testclass.RunTest.url(RunTest.java:28)
	at testclass.RunTest.url(RunTest.java:28)
	at testclass.RunTest.url(RunTest.java:28)
	at testclass.RunTest.url(RunTest.java:28)
	at testclass.RunTest.url(RunTest.java:28)
	at testclass.RunTest.url(RunTest.java:28)
	at testclass.RunTest.url(RunTest.java:28)
	at testclass.RunTest.url(RunTest.java:28)
	at testclass.RunTest.url(RunTest.java:28)
	at testclass.RunTest.url(RunTest.java:28)
	at testclass.RunTest.url(RunTest.java:28)
	at testclass.RunTest.url(RunTest.java:28)
	at testclass.RunTest.url(RunTest.java:28)
	at testclass.RunTest.url(RunTest.java:28)
	at testclass.RunTest.url(RunTest.java:28)
	at testclass.RunTest.url(RunTest.java:28)
	at testclass.RunTest.url(RunTest.java:28)
	at testclass.RunTest.url(RunTest.java:28)
	at testclass.RunTest.url(RunTest.java:28)
	at testclass.RunTest.url(RunTest.java:28)
	at testclass.RunTest.url(RunTest.java:28)
	at testclass.RunTest.url(RunTest.java:28)
	at testclass.RunTest.url(RunTest.java:28)
	at testclass.RunTest.url(RunTest.java:28)
	at testclass.RunTest.url(RunTest.java:28)
	at testclass.RunTest.url(RunTest.java:28)
	at testclass.RunTest.url(RunTest.java:28)
	at testclass.RunTest.url(RunTest.java:28)
	at testclass.RunTest.url(RunTest.java:28)
	at testclass.RunTest.url(RunTest.java:28)
	at testclass.RunTest.url(RunTest.java:28)
	at testclass.RunTest.url(RunTest.java:28)
	at testclass.RunTest.url(RunTest.java:28)
	at testclass.RunTest.url(RunTest.java:28)
	at testclass.RunTest.url(RunTest.java:28)
	at testclass.RunTest.url(RunTest.java:28)
	at testclass.RunTest.url(RunTest.java:28)
	at testclass.RunTest.url(RunTest.java:28)
	at testclass.RunTest.url(RunTest.java:28)
	at testclass.RunTest.url(RunTest.java:28)
	at testclass.RunTest.url(RunTest.java:28)
	at testclass.RunTest.url(RunTest.java:28)
	at testclass.RunTest.url(RunTest.java:28)
	at testclass.RunTest.url(RunTest.java:28)
	at testclass.RunTest.url(RunTest.java:28)
	at testclass.RunTest.url(RunTest.java:28)
	at testclass.RunTest.url(RunTest.java:28)
	at testclass.RunTest.url(RunTest.java:28)
	at testclass.RunTest.url(RunTest.java:28)
	at testclass.RunTest.url(RunTest.java:28)
	at testclass.RunTest.url(RunTest.java:28)
	at testclass.RunTest.url(RunTest.java:28)
	at testclass.RunTest.url(RunTest.java:28)
]]>
    </failure>
  </testcase> <!-- sample -->
</testsuite> <!-- testclass.RunTest -->
